<?xml version="1.0" encoding="UTF-8"?>
<!-- Generated by org.testng.reporters.JUnitXMLReporter -->
<testsuite ignored="0" hostname="WUST" failures="0" tests="6" name="Default test" time="32.912" errors="0" timestamp="2023-04-02T15:24:29 EDT">
  <testcase classname="com.testng_assertions_2ndApr_2023.Assertions_Automation" name="verifyNinjaPolicyWarningMessageTest" time="0.03"/>
  <testcase classname="com.testng_assertions_2ndApr_2023.Assertions_Automation" name="verifyNinjaFirstNameWarningMessageTest" time="0.03"/>
  <testcase classname="com.testng_assertions_2ndApr_2023.Assertions_Automation" name="verifyNinjaLastNameWarningMessageTest" time="0.031"/>
  <testcase classname="com.testng_assertions_2ndApr_2023.Assertions_Automation" name="verifyNinjaEmailWarningMessageTest" time="0.028"/>
  <testcase classname="com.testng_assertions_2ndApr_2023.Assertions_Automation" name="verifyNinjaTelephoneWarningMessageTest" time="0.029"/>
  <testcase classname="com.testng_assertions_2ndApr_2023.Assertions_Automation" name="verifyNinjaPasswordWarningMessageTest" time="0.031"/>
</testsuite> <!-- Default test -->
