<?xml version="1.0" encoding="UTF-8"?>
<testng-results ignored="0" total="1" passed="1" failed="0" skipped="0">
  <reporter-output>
  </reporter-output>
  <suite started-at="2023-04-01T14:38:09 EDT" name="Default suite" finished-at="2023-04-01T14:38:17 EDT" duration-ms="8687">
    <groups>
    </groups>
    <test started-at="2023-04-01T14:38:09 EDT" name="Default test" finished-at="2023-04-01T14:38:17 EDT" duration-ms="8687">
      <class name="com.automationcode_1st_Apr_2023.Actions_Keyboard">
        <test-method signature="keyBoardActionItems()[pri:0, instance:com.automationcode_1st_Apr_2023.Actions_Keyboard@74e28667]" started-at="2023-04-01T14:38:09 EDT" name="keyBoardActionItems" finished-at="2023-04-01T14:38:17 EDT" duration-ms="8659" status="PASS">
          <reporter-output>
          </reporter-output>
        </test-method> <!-- keyBoardActionItems -->
      </class> <!-- com.automationcode_1st_Apr_2023.Actions_Keyboard -->
    </test> <!-- Default test -->
  </suite> <!-- Default suite -->
</testng-results>
