<?xml version="1.0" encoding="UTF-8"?>
<testng-results ignored="0" total="6" passed="6" failed="0" skipped="0">
  <reporter-output>
  </reporter-output>
  <suite started-at="2023-04-02T15:23:56 EDT" name="Default suite" finished-at="2023-04-02T15:24:29 EDT" duration-ms="32912">
    <groups>
    </groups>
    <test started-at="2023-04-02T15:23:56 EDT" name="Default test" finished-at="2023-04-02T15:24:29 EDT" duration-ms="32912">
      <class name="com.testng_assertions_2ndApr_2023.Assertions_Automation">
        <test-method is-config="true" signature="setUp()[pri:0, instance:com.testng_assertions_2ndApr_2023.Assertions_Automation@35dab4eb]" started-at="2023-04-02T15:23:56 EDT" name="setUp" finished-at="2023-04-02T15:24:02 EDT" duration-ms="5931" status="PASS">
          <reporter-output>
          </reporter-output>
        </test-method> <!-- setUp -->
        <test-method signature="verifyNinjaPolicyWarningMessageTest()[pri:1, instance:com.testng_assertions_2ndApr_2023.Assertions_Automation@35dab4eb]" started-at="2023-04-02T15:24:02 EDT" name="verifyNinjaPolicyWarningMessageTest" finished-at="2023-04-02T15:24:02 EDT" duration-ms="30" status="PASS">
          <reporter-output>
          </reporter-output>
        </test-method> <!-- verifyNinjaPolicyWarningMessageTest -->
        <test-method is-config="true" signature="tearDown()[pri:0, instance:com.testng_assertions_2ndApr_2023.Assertions_Automation@35dab4eb]" started-at="2023-04-02T15:24:02 EDT" name="tearDown" finished-at="2023-04-02T15:24:02 EDT" duration-ms="132" status="PASS">
          <reporter-output>
          </reporter-output>
        </test-method> <!-- tearDown -->
        <test-method is-config="true" signature="setUp()[pri:0, instance:com.testng_assertions_2ndApr_2023.Assertions_Automation@35dab4eb]" started-at="2023-04-02T15:24:02 EDT" name="setUp" finished-at="2023-04-02T15:24:07 EDT" duration-ms="5058" status="PASS">
          <reporter-output>
          </reporter-output>
        </test-method> <!-- setUp -->
        <test-method signature="verifyNinjaFirstNameWarningMessageTest()[pri:2, instance:com.testng_assertions_2ndApr_2023.Assertions_Automation@35dab4eb]" started-at="2023-04-02T15:24:07 EDT" name="verifyNinjaFirstNameWarningMessageTest" finished-at="2023-04-02T15:24:07 EDT" duration-ms="30" status="PASS">
          <reporter-output>
          </reporter-output>
        </test-method> <!-- verifyNinjaFirstNameWarningMessageTest -->
        <test-method is-config="true" signature="tearDown()[pri:0, instance:com.testng_assertions_2ndApr_2023.Assertions_Automation@35dab4eb]" started-at="2023-04-02T15:24:07 EDT" name="tearDown" finished-at="2023-04-02T15:24:07 EDT" duration-ms="118" status="PASS">
          <reporter-output>
          </reporter-output>
        </test-method> <!-- tearDown -->
        <test-method is-config="true" signature="setUp()[pri:0, instance:com.testng_assertions_2ndApr_2023.Assertions_Automation@35dab4eb]" started-at="2023-04-02T15:24:07 EDT" name="setUp" finished-at="2023-04-02T15:24:13 EDT" duration-ms="5676" status="PASS">
          <reporter-output>
          </reporter-output>
        </test-method> <!-- setUp -->
        <test-method signature="verifyNinjaLastNameWarningMessageTest()[pri:3, instance:com.testng_assertions_2ndApr_2023.Assertions_Automation@35dab4eb]" started-at="2023-04-02T15:24:13 EDT" name="verifyNinjaLastNameWarningMessageTest" finished-at="2023-04-02T15:24:13 EDT" duration-ms="31" status="PASS">
          <reporter-output>
          </reporter-output>
        </test-method> <!-- verifyNinjaLastNameWarningMessageTest -->
        <test-method is-config="true" signature="tearDown()[pri:0, instance:com.testng_assertions_2ndApr_2023.Assertions_Automation@35dab4eb]" started-at="2023-04-02T15:24:13 EDT" name="tearDown" finished-at="2023-04-02T15:24:13 EDT" duration-ms="117" status="PASS">
          <reporter-output>
          </reporter-output>
        </test-method> <!-- tearDown -->
        <test-method is-config="true" signature="setUp()[pri:0, instance:com.testng_assertions_2ndApr_2023.Assertions_Automation@35dab4eb]" started-at="2023-04-02T15:24:13 EDT" name="setUp" finished-at="2023-04-02T15:24:18 EDT" duration-ms="5139" status="PASS">
          <reporter-output>
          </reporter-output>
        </test-method> <!-- setUp -->
        <test-method signature="verifyNinjaEmailWarningMessageTest()[pri:4, instance:com.testng_assertions_2ndApr_2023.Assertions_Automation@35dab4eb]" started-at="2023-04-02T15:24:18 EDT" name="verifyNinjaEmailWarningMessageTest" finished-at="2023-04-02T15:24:18 EDT" duration-ms="28" status="PASS">
          <reporter-output>
          </reporter-output>
        </test-method> <!-- verifyNinjaEmailWarningMessageTest -->
        <test-method is-config="true" signature="tearDown()[pri:0, instance:com.testng_assertions_2ndApr_2023.Assertions_Automation@35dab4eb]" started-at="2023-04-02T15:24:18 EDT" name="tearDown" finished-at="2023-04-02T15:24:19 EDT" duration-ms="112" status="PASS">
          <reporter-output>
          </reporter-output>
        </test-method> <!-- tearDown -->
        <test-method is-config="true" signature="setUp()[pri:0, instance:com.testng_assertions_2ndApr_2023.Assertions_Automation@35dab4eb]" started-at="2023-04-02T15:24:19 EDT" name="setUp" finished-at="2023-04-02T15:24:24 EDT" duration-ms="5077" status="PASS">
          <reporter-output>
          </reporter-output>
        </test-method> <!-- setUp -->
        <test-method signature="verifyNinjaTelephoneWarningMessageTest()[pri:5, instance:com.testng_assertions_2ndApr_2023.Assertions_Automation@35dab4eb]" started-at="2023-04-02T15:24:24 EDT" name="verifyNinjaTelephoneWarningMessageTest" finished-at="2023-04-02T15:24:24 EDT" duration-ms="29" status="PASS">
          <reporter-output>
          </reporter-output>
        </test-method> <!-- verifyNinjaTelephoneWarningMessageTest -->
        <test-method is-config="true" signature="tearDown()[pri:0, instance:com.testng_assertions_2ndApr_2023.Assertions_Automation@35dab4eb]" started-at="2023-04-02T15:24:24 EDT" name="tearDown" finished-at="2023-04-02T15:24:24 EDT" duration-ms="126" status="PASS">
          <reporter-output>
          </reporter-output>
        </test-method> <!-- tearDown -->
        <test-method is-config="true" signature="setUp()[pri:0, instance:com.testng_assertions_2ndApr_2023.Assertions_Automation@35dab4eb]" started-at="2023-04-02T15:24:24 EDT" name="setUp" finished-at="2023-04-02T15:24:29 EDT" duration-ms="5093" status="PASS">
          <reporter-output>
          </reporter-output>
        </test-method> <!-- setUp -->
        <test-method signature="verifyNinjaPasswordWarningMessageTest()[pri:6, instance:com.testng_assertions_2ndApr_2023.Assertions_Automation@35dab4eb]" started-at="2023-04-02T15:24:29 EDT" name="verifyNinjaPasswordWarningMessageTest" finished-at="2023-04-02T15:24:29 EDT" duration-ms="31" status="PASS">
          <reporter-output>
          </reporter-output>
        </test-method> <!-- verifyNinjaPasswordWarningMessageTest -->
        <test-method is-config="true" signature="tearDown()[pri:0, instance:com.testng_assertions_2ndApr_2023.Assertions_Automation@35dab4eb]" started-at="2023-04-02T15:24:29 EDT" name="tearDown" finished-at="2023-04-02T15:24:29 EDT" duration-ms="127" status="PASS">
          <reporter-output>
          </reporter-output>
        </test-method> <!-- tearDown -->
      </class> <!-- com.testng_assertions_2ndApr_2023.Assertions_Automation -->
    </test> <!-- Default test -->
  </suite> <!-- Default suite -->
</testng-results>
